0 info it worked if it ends with ok
1 verbose cli [ '/Users/kateborst/.node/bin/node',
1 verbose cli   '/Users/kateborst/.node/bin/npm',
1 verbose cli   'run',
1 verbose cli   'mocha' ]
2 info using npm@3.8.6
3 info using node@v6.1.0
4 verbose stack Error: missing script: mocha
4 verbose stack     at run (/Users/kateborst/.node/lib/node_modules/npm/lib/run-script.js:147:19)
4 verbose stack     at /Users/kateborst/.node/lib/node_modules/npm/lib/run-script.js:57:5
4 verbose stack     at /Users/kateborst/.node/lib/node_modules/npm/node_modules/read-package-json/read-json.js:345:5
4 verbose stack     at checkBinReferences_ (/Users/kateborst/.node/lib/node_modules/npm/node_modules/read-package-json/read-json.js:309:45)
4 verbose stack     at final (/Users/kateborst/.node/lib/node_modules/npm/node_modules/read-package-json/read-json.js:343:3)
4 verbose stack     at then (/Users/kateborst/.node/lib/node_modules/npm/node_modules/read-package-json/read-json.js:113:5)
4 verbose stack     at /Users/kateborst/.node/lib/node_modules/npm/node_modules/read-package-json/read-json.js:300:12
4 verbose stack     at /Users/kateborst/.node/lib/node_modules/npm/node_modules/graceful-fs/graceful-fs.js:78:16
4 verbose stack     at tryToString (fs.js:449:3)
4 verbose stack     at FSReqWrap.readFileAfterClose [as oncomplete] (fs.js:436:12)
5 verbose cwd /Users/kateborst/_401/greeting-app-1
6 error Darwin 15.5.0
7 error argv "/Users/kateborst/.node/bin/node" "/Users/kateborst/.node/bin/npm" "run" "mocha"
8 error node v6.1.0
9 error npm  v3.8.6
10 error missing script: mocha
11 error If you need help, you may report this error at:
11 error     <https://github.com/npm/npm/issues>
12 verbose exit [ 1, true ]
